-3.68543 -3.80892
-4.12241 -4.12317
-4.13052 -4.13613
-4.1858 -4.21376
-4.39459 -4.38574
-4.41735 -4.41896
-4.42227 -4.45212
-4.41997 -4.45745
-4.50796 -4.53812
-4.58776 -4.61936
-4.66059 -4.68541
-4.4539 -4.42886
-4.49833 -4.50106
-4.51697 -4.53047
-4.52904 -4.5489
-4.40336 -4.41544
-4.50988 -4.48267
-4.51716 -4.49922
-4.52624 -4.51658
-4.54712 -4.56152
-4.54035 -4.56365
-4.53785 -4.56533
-4.53695 -4.56613
-4.43064 -4.35868
-4.35458 -4.37067
-4.40821 -4.4205
-4.45561 -4.45095
-4.49212 -4.42792
-4.52143 -4.51496
-4.53923 -4.53825
-4.5356 -4.54724
-4.5515 -4.57085
-4.49958 -4.45038
-4.60151 -4.47645
-4.60654 -4.51182
-4.52812 -4.52706
-4.54295 -4.54741
-4.55087 -4.55568
-4.71684 -4.71111
-4.7214 -4.71238
-4.72321 -4.71403
-4.72422 -4.71466
-4.72803 -4.72248
-4.73007 -4.72346
-4.73187 -4.72426
-4.73316 -4.72478
-4.73607 -4.726
-4.739 -4.72629
-4.73956 -4.72639
-4.74217 -4.72663
-4.7448 -4.72714
-4.74484 -4.72724
-4.74415 -4.72809
-4.74301 -4.72905
-4.74183 -4.72952
-4.74411 -4.73234
-4.7435 -4.73364
-4.73743 -4.73601
-4.73731 -4.73614
-4.71438 -4.64869
-4.71169 -4.66066
-4.72885 -4.67177
-4.73088 -4.68725
-4.75735 -4.70696
-4.76283 -4.72456
-4.74202 -4.74695
-4.74187 -4.75072
-4.74425 -4.75554
-4.74615 -4.75805
-4.74619 -4.75825
-4.74837 -4.76088
-4.74914 -4.76095
-4.74904 -4.7614
-4.75314 -4.76653
-4.75946 -4.76958
-4.77421 -4.7906
-4.77573 -4.79136
-4.77899 -4.79409
-4.78204 -4.79476
-4.78201 -4.79477
-4.78196 -4.79481
-4.78192 -4.79482
-4.75763 -4.72123
-4.79029 -4.75166
-4.78978 -4.76164
-4.78432 -4.773
-4.77801 -4.77788
-4.78094 -4.78886
-4.78365 -4.79428
-4.7804 -4.79584
-4.78038 -4.796
-4.78106 -4.79678
-4.78599 -4.80064
-4.59892 -4.57716
-4.78513 -4.79829
-4.78539 -4.79859
-4.78664 -4.80031
-4.78784 -4.80196
-4.79324 -4.80947
-4.79511 -4.81207
-4.79475 -4.82118
-4.7956 -4.82388
-4.79745 -4.82871
-4.79878 -4.83221
-4.79713 -4.83402
-4.79831 -4.83496
-4.79896 -4.83532
-4.79979 -4.83549
