-0.0315975 -0.00618209 -0.006182 3.65741e-08 1.75837e-09 -1.75837e-08 -0.02936 -0.0258376 -0.0258376 0 0 0
-0.0454205 -0.0372622 -0.0255614 5.08138e-09 7.25912e-10 1.16146e-08 0.0310275 -0.0197453 0.0204604 0 0 0
-0.0424712 0.00772504 -0.0152481 -1.18117e-08 7.99562e-09 -4.36125e-09 0.0266132 0.00228099 0.0234345 0 0 0
-0.103909 -0.0814632 -0.0846183 -5.36127e-08 5.00385e-09 2.85934e-09 -0.0558568 -0.0622408 -0.0366012 0 0 0
-0.0360118 -0.0568073 -0.0492631 -3.64138e-08 2.08079e-08 3.52134e-08 -0.107839 -0.0471872 -0.0282721 0 0 0
0.0228755 -0.0236957 -0.0070517 4.70922e-09 -1.71244e-09 7.59897e-09 -0.0271937 -0.0026886 0.0148811 0 0 0
-0.000495108 -0.0269431 -0.0235253 -2.89348e-08 2.19203e-09 4.38407e-10 -0.00780899 0.00490952 0.0277548 0 0 0
-0.0346751 -0.034508 -0.0115558 2.8392e-08 -8.112e-09 9.01334e-09 0.0103163 -0.00781135 0.073875 0 0 0
-0.0645064 -0.0558372 -0.101286 -1.80639e-08 -7.60585e-09 7.60585e-09 0.0031976 -0.0189165 -0.127478 0 0 0
-0.028517 -0.0287742 -0.0809321 -4.33782e-08 -3.02638e-09 7.06156e-09 0.0327136 0.00762492 -0.0909464 0 0 0
0.0473181 0.000956199 -0.0129115 -1.93483e-09 -5.52807e-10 4.64358e-08 0.1316 0.0438358 -0.00251658 0 0 0
-0.0736857 -0.0321993 -0.058914 -5.61105e-08 3.81704e-09 5.487e-08 -0.091163 -0.0558673 -0.0232259 0 0 0
0.0150592 -0.0308458 0.000167222 1.48383e-08 1.60414e-09 -2.29592e-08 0.0551423 -0.0297726 -0.0154753 0 0 0
0.0128274 -0.021595 0.00534391 -7.75577e-09 2.73493e-08 1.12255e-08 0.0129913 0.00610991 -0.0207648 0 0 0
-0.00617381 -0.0199962 0.0138405 -3.20792e-08 4.55318e-09 6.02262e-08 0.00922578 -0.0018479 0.013783 0 0 0
-0.147803 -0.0655017 -0.160037 -5.24063e-09 -1.118e-08 3.56363e-08 -0.0854212 -0.0738942 -0.0948188 0 0 0
0.0316758 0.000374719 -0.0143758 1.64406e-07 -1.10791e-08 -6.3309e-09 0.103447 -0.0147506 0.0841301 0 0 0
-0.00841367 -0.0138472 -0.0374944 -4.03986e-08 -3.88448e-10 1.14592e-08 0.0288454 -0.0234498 0.0201369 0 0 0
-0.0172839 -0.000978093 -0.0531954 -9.0504e-08 -1.00992e-08 -1.43719e-08 0.00899813 0.0426219 -0.00223773 0 0 0
-0.0210675 -0.0146687 -0.0508726 -5.76568e-08 7.56155e-09 2.72116e-08 0.00269349 -0.00359321 -0.00409233 0 0 0
-0.0374168 -0.0236235 -0.0334979 -3.73884e-10 -1.99405e-08 1.61518e-08 -0.00304972 -0.00761118 0.00737335 0 0 0
-0.0524301 -0.0227216 -0.0261969 1.08329e-08 -1.60859e-09 1.37736e-08 -0.00454996 0.00380682 -0.00377819 0 0 0
-0.0529896 -0.0242584 -0.0204871 -1.64309e-08 4.06329e-09 -1.40183e-08 -0.000496292 -0.000537771 0.000874129 0 0 0
-0.10569 0.0611786 -0.115025 7.08952e-08 3.09031e-09 1.6724e-08 0.0320881 0.0129212 0.0120711 0 0 0
-0.148732 0.0616046 -0.297608 -8.81747e-09 -1.28871e-08 -2.84872e-08 -0.0584801 0.0343938 -0.237647 0 0 0
-0.151045 -0.0596691 -0.200804 6.80514e-08 5.55522e-09 -2.43041e-08 -0.0506871 -0.0768253 -0.112405 0 0 0
-0.119149 -0.0696804 -0.134893 -3.3307e-08 -3.62033e-09 1.44813e-08 -0.000582366 -0.0878017 0.00334667 0 0 0
0.00195603 -0.0541951 0.103264 -9.07099e-08 -3.00063e-08 -4.77732e-08 0.181471 -0.0867874 0.339256 0 0 0
-0.0930545 -0.0238491 -0.117021 8.60903e-09 1.3475e-08 -3.36875e-08 -0.0498723 -0.0312906 -0.0852839 0 0 0
-0.0454359 -0.0236325 -0.0598433 2.42567e-08 -4.62033e-09 -7.70055e-10 0.0124393 -0.00735286 0.0493622 0 0 0
-0.0781405 -0.0258934 -0.116589 -1.07417e-07 2.07295e-08 5.01278e-08 -0.0447485 -0.0284404 -0.072674 0 0 0
-0.0607506 -0.0176425 -0.0749099 -9.19425e-08 -2.90836e-08 -3.71405e-08 -0.00514991 -0.00595056 -0.00209328 0 0 0
-0.182513 -0.125804 -0.125804 -5.31037e-08 -4.81979e-09 -1.20495e-08 -0.0701295 -0.113895 -0.113895 -0 0 0
0.0579708 0.0565827 0.0565826 -7.89984e-08 1.17501e-08 5.16165e-08 0.14598 0.0808679 0.0808679 -0 0 0
-0.0873938 -0.0178943 -0.0178941 5.41232e-08 -1.05893e-08 -2.62772e-08 0.0306792 -0.00905139 -0.00905139 -0 0 0
-0.0246595 0.0386907 0.0386909 6.49376e-08 -5.16549e-09 -1.04002e-08 -0.0363758 0.0878112 0.0878112 0 -0 0
-0.00733709 0.0119789 0.0119788 -4.66586e-11 -1.941e-08 -2.18829e-08 0.0174431 0.0313026 0.0313026 0 0 -0
-0.0272163 -0.00517987 -0.00517982 -1.13675e-09 -1.0549e-08 8.32101e-09 -0.0383772 0.0225211 0.0225211 -0 0 0
-0.0170395 0.000195934 -0.0508001 -1.84142e-08 1.06803e-08 -1.62966e-08 0.00218406 0.00127814 0.00142661 0 0 0
-0.00967343 -0.00303363 -0.0484106 1.04054e-07 1.0424e-08 2.3454e-08 0.00210866 -0.0027929 0.0174103 0 0 0
0.0240167 0.00316923 -0.0377162 -5.37804e-08 -1.7164e-08 -3.28022e-08 0.0352576 0.0149397 0.0296032 0 0 0
0.00873919 -0.000378212 -0.053181 3.59256e-09 -1.09668e-08 5.14304e-08 0.0144685 0.00699044 0.011332 0 0 0
-0.00724777 -0.00282392 -0.066036 -1.26032e-07 3.88988e-10 -7.68252e-09 -0.000510156 0.000154523 -0.00118894 0 0 0
-0.0088414 -0.00469127 -0.0651627 4.5913e-08 1.25574e-08 -4.81694e-08 -0.00200111 -0.00272291 0.00689213 0 0 0
0.00808307 0.00957711 -0.0427298 8.21591e-08 -2.23345e-08 -2.13374e-08 0.0135123 0.020521 0.0250405 0 0 0
-0.0205503 -0.0240871 -0.0622988 1.58969e-09 3.17938e-09 3.31848e-08 -0.0184103 -0.0181148 -0.0109328 0 0 0
-0.00540644 -0.0208085 -0.0446985 -9.43562e-08 1.12905e-08 2.17745e-08 0.00126433 0.00110819 -0.00171679 0 0 0
-0.0110543 -0.0264984 -0.0416116 -4.25992e-09 0 5.07133e-08 -0.0123313 -0.00224956 -0.00741753 0 0 0
-0.00892958 -0.025798 -0.0376124 -1.60627e-08 1.87059e-08 -5.53043e-08 -0.00932414 -0.00187248 -0.00221549 0 0 0
-0.0111753 -0.0111056 -0.0278445 -6.03087e-08 0 3.9108e-08 0.00213036 0.0134658 -0.00950409 0 0 0
-0.0303197 -0.0265601 -0.0216458 -1.11689e-08 -4.96395e-09 -2.31651e-08 -0.00311231 -0.00104228 0.00293149 0 0 0
-0.0342823 -0.0252833 -0.0223519 1.07677e-08 -1.73939e-08 -2.6505e-08 -0.00433529 0.000326463 0.00190663 0 0 0
-0.0378567 -0.0203047 -0.031368 -2.75046e-08 -2.41707e-08 4.16736e-10 0.00946564 0.00176035 -0.00983217 0 0 0
-0.0291506 -0.0102376 -0.0295244 2.09698e-09 1.42595e-08 -6.4587e-08 0.0247639 0.00499353 0.0207062 0 0 0
-0.029549 -0.0131169 -0.0370082 3.26806e-08 1.67593e-09 -1.00556e-08 0.0188136 -0.00572855 0.0333333 0 0 0
-0.000417387 0.0209424 -0.0305654 7.82403e-08 3.48657e-08 3.44506e-08 0.0215207 0.0275662 0.0551152 0 0 0
-0.017363 0.000336135 -0.0453324 -3.07827e-08 -2.89233e-08 -2.72705e-08 0.000419382 0.00417252 0.015302 0 0 0
-0.0118649 -0.0123058 -0.0535701 -8.4998e-09 2.18566e-08 1.61901e-08 0.00466202 0.00428605 0.00325346 0 0 0
-0.0102551 -0.0160255 -0.0548467 8.53824e-08 4.12749e-08 -5.30099e-08 0.0026877 0.00172026 0.0012637 0 0 0
-0.140331 -0.0639091 -0.114152 -4.62619e-08 5.58634e-09 -2.96775e-09 0.0214938 -0.0118261 -0.0284434 0 0 0
-0.16424 -0.121715 -0.162196 -7.78312e-08 1.48414e-08 1.49277e-08 -0.000873235 -0.0960808 -0.0991031 0 0 0
-0.177864 -0.172628 -0.211435 4.79137e-08 -3.44703e-08 1.68905e-08 -0.0535105 -0.223469 -0.197357 0 0 0
-0.175268 -0.163586 -0.202991 4.54274e-08 -2.13776e-08 -2.77564e-08 -0.0356093 -0.196378 -0.174956 0 0 0
-0.0776386 -0.0235602 -0.0768381 -7.08181e-08 -9.06761e-10 4.82397e-08 0.0868352 -0.0170357 -0.00275486 0 0 0
-0.0904436 -0.0191933 -0.0983497 5.93073e-08 -5.73363e-09 2.75035e-08 -0.00444107 -0.0500983 -0.0205209 0 0 0
-0.0346969 -0.0363152 -0.0117983 -1.23968e-07 -2.20229e-08 3.37448e-08 0.00905253 -0.026392 -0.00135526 0 0 0
-0.0495301 -0.0422353 -0.0147212 7.31665e-08 0 2.29089e-08 -0.0169264 -0.00596573 -0.0025618 0 0 0
-0.0726165 -0.0455915 -0.0384773 -8.28136e-09 1.60284e-08 -2.52893e-08 -0.0599786 0.00890573 -0.024992 0 0 0
-0.107774 -0.0589398 -0.0882077 -1.17557e-07 1.75219e-08 -3.81726e-08 -0.128309 -0.000832196 -0.0648265 0 0 0
-0.0981563 -0.0553732 -0.0744382 1.0362e-08 -1.07193e-09 -7.19089e-09 -0.111497 0.00306192 -0.0536145 0 0 0
-0.103779 -0.0592953 -0.0889115 5.57566e-08 -4.66883e-09 -1.18516e-08 -0.124677 -0.00297447 -0.058606 0 0 0
-0.115173 -0.0607284 -0.107956 5.87036e-09 2.89003e-09 3.58995e-08 -0.137596 -0.0116924 -0.067332 0 0 0
-0.10838 -0.0604454 -0.0974605 4.32152e-09 2.59291e-08 1.76012e-08 -0.131459 -0.00811899 -0.0621765 0 0 0
-0.0910256 -0.0560806 -0.0826291 -2.55035e-08 5.80862e-09 -2.28714e-08 -0.105684 -0.00743981 -0.0363623 0 0 0
-0.0166007 -0.0292006 -0.00818343 -4.23615e-09 -1.88273e-08 -1.81684e-08 0.0319246 0.0160866 0.0919212 0 0 0
-0.00586695 -0.0167347 -0.0524407 1.21869e-08 2.23272e-09 2.04666e-08 0.00671827 0.0180409 0.0118261 0 0 0
-0.013482 -0.0245361 -0.0715046 -3.78085e-08 -2.52676e-08 -3.38139e-08 -0.0068011 0.00506182 -0.0113018 0 0 0
-0.00285051 -0.0167359 -0.0673944 7.19946e-08 1.08742e-08 5.69957e-08 -0.00224717 -0.00143693 0.00290219 0 0 0
0.0114354 -0.00854949 -0.0690698 -7.03836e-08 5.30482e-09 -4.73645e-09 0.00352471 0.00222863 0.00306403 0 0 0
0.010451 -0.00943921 -0.069866 1.0415e-08 1.47704e-08 3.65472e-08 0.00221396 0.0015523 0.00238706 0 0 0
0.00961322 -0.0105401 -0.0715735 -5.30071e-08 3.4137e-09 -8.04115e-08 -0.000494484 0.000347443 7.2831e-05 0 0 0
0.00985097 -0.0106717 -0.0711563 3.37636e-08 1.66921e-08 -2.84525e-08 -0.000249399 0.000157194 0.000620741 0 0 0
-0.213742 -0.198297 -0.24073 -8.61313e-09 -6.82228e-09 -2.35369e-08 -0.0426834 -0.223114 -0.222473 0 0 0
-0.0657403 0.0159303 -0.11486 -5.89339e-08 -4.12157e-08 -1.27231e-08 0.0836245 0.0037304 -0.0402423 0 0 0
-0.11344 9.92284e-05 -0.108465 -1.01035e-08 -2.97788e-08 -2.88926e-08 -0.0434329 0.0116574 -0.00429384 0 0 0
-0.0881902 -0.0285223 -0.0745312 -8.16852e-09 2.02437e-08 6.35946e-08 0.0040642 -0.0055467 0.0288893 0 0 0
-0.135428 -0.0883378 -0.117368 3.3638e-08 -3.50396e-09 3.95947e-08 -0.059379 -0.0698766 -0.0375451 0 0 0
-0.0930039 -0.0474246 -0.0850344 -3.91189e-08 2.51222e-09 -3.79525e-08 -0.0207038 -0.002693 0.0139226 0 0 0
-0.0822591 -0.044163 -0.0877888 -8.47414e-08 2.90335e-09 4.82681e-08 0.0135312 -0.000565465 0.0185289 0 0 0
-0.0797631 -0.0625923 -0.0855979 1.43098e-08 1.88383e-08 8.40023e-09 -0.000582814 -0.00098699 0.00464635 0 0 0
-0.0775047 -0.0746569 -0.0801587 1.41651e-08 5.19386e-08 -3.74557e-08 -0.00785881 -0.0159514 0.0112478 0 0 0
-0.0735078 -0.106979 -0.0753242 2.09943e-08 3.03048e-08 2.37783e-08 -0.0166668 -0.0534721 0.00432834 0 0 0
-0.0608852 -0.148032 -0.0840759 6.45977e-08 1.91947e-08 -4.76177e-08 -0.0234598 -0.111991 -0.0499974 0 0 0
-0.0602824 0.612849 -0.229994 3.21273e-08 -4.53562e-09 -2.94815e-08 -0.123244 0.685584 -0.289078 0 0 0
-0.0612207 -0.143683 -0.0798545 4.92887e-08 5.16885e-09 -4.87349e-08 -0.0261792 -0.104664 -0.0465785 0 0 0
-0.0584579 -0.138551 -0.0862062 -3.70045e-10 -4.36653e-08 3.70045e-08 -0.0317006 -0.101794 -0.0672398 0 0 0
-0.0543402 -0.133339 -0.0855328 -3.70581e-10 1.11174e-08 -1.00057e-08 -0.0247884 -0.093792 -0.0647064 0 0 0
-0.049912 -0.127331 -0.0852814 -3.69331e-08 1.11356e-08 6.12459e-08 -0.0179583 -0.0849631 -0.0637775 0 0 0
-0.0230396 -0.0876475 -0.0823274 -1.19673e-07 1.19954e-08 -4.51702e-08 0.0274377 -0.0257456 -0.0548331 0 0 0
0.0134439 -0.0217357 -0.0739535 -4.12125e-08 -1.44339e-08 2.62089e-08 0.096116 0.0725474 -0.0336597 0 0 0
-0.0521148 -0.112074 -0.0349069 8.47485e-08 -2.25245e-09 5.29326e-08 0.00305712 -0.0825604 0.0430688 0 0 0
-0.0550021 -0.0945834 -0.0520421 -2.17796e-08 -3.00408e-09 -4.43101e-08 0.0040663 -0.05923 0.0176939 0 0 0
-0.0571214 -0.0465755 -0.0388944 -3.37553e-08 -2.94592e-08 -3.45579e-08 0.00382443 0.00955553 0.0297797 0 0 0
-0.0645086 -0.0416364 -0.0660045 -3.33014e-08 -1.80618e-08 3.87576e-08 -0.0207424 0.000149404 -0.0213014 0 0 0
-0.0471009 -0.0289708 -0.0452975 -1.34033e-08 -1.69901e-08 1.88779e-09 -0.00981329 -0.00533811 0.000308352 0 0 0
-0.0337055 -0.0136847 -0.0513596 -1.26892e-07 -3.78782e-10 2.55678e-08 0.0047578 -0.000800079 -0.00451335 0 0 0
-0.0339259 -0.0109931 -0.0473257 1.87072e-07 1.96918e-08 -2.89696e-08 0.00171619 -0.000558465 0.00299269 0 0 0
-0.0319396 -0.00670115 -0.0461684 8.18708e-08 5.68547e-09 -6.82257e-09 0.00655669 0.000369632 0.00603604 0 0 0
