-0.669424 -0.130974 -0.130972 7.7486e-07 3.72529e-08 -3.72529e-07 -0.622021 -0.547396 -0.547396 0 0 0
-0.466184 -0.38245 -0.262355 5.21541e-08 7.45058e-09 1.19209e-07 0.318458 -0.20266 0.21 0 0 0
-0.435337 0.079183 -0.156295 -1.21072e-07 8.19564e-08 -4.47035e-08 0.27279 0.0233805 0.240208 0 0 0
-1.08302 -0.849073 -0.881958 -5.58794e-07 5.21541e-08 2.98023e-08 -0.582183 -0.648722 -0.381486 0 0 0
-0.335258 -0.528859 -0.458624 -3.39001e-07 1.93715e-07 3.27826e-07 -1.00395 -0.439299 -0.263204 0 0 0
0.199055 -0.206193 -0.0613617 4.09782e-08 -1.49012e-08 6.61239e-08 -0.236631 -0.0233954 0.129491 0 0 0
-0.0042071 -0.228945 -0.199903 -2.45869e-07 1.86265e-08 3.72529e-09 -0.0663556 0.0417178 0.235842 0 0 0
-0.286631 -0.285249 -0.0955224 2.34693e-07 -6.70552e-08 7.45058e-08 0.085276 -0.06457 0.610663 0 0 0
-0.505516 -0.437578 -0.793743 -1.41561e-07 -5.96046e-08 5.96046e-08 0.0250585 -0.148242 -0.999003 0 0 0
-0.210616 -0.212516 -0.597735 -3.20375e-07 -2.23517e-08 5.21541e-08 0.241611 0.0563148 -0.671696 0 0 0
0.31887 0.00644369 -0.0870086 -1.30385e-08 -3.72529e-09 3.12924e-07 0.886832 0.295403 -0.0169588 0 0 0
-0.47943 -0.209502 -0.383319 -3.65078e-07 2.48353e-08 3.57007e-07 -0.593144 -0.363496 -0.151117 0 0 0
0.093259 -0.191022 0.00103557 9.18905e-08 9.93411e-09 -1.42182e-07 0.341485 -0.184376 -0.0958352 0 0 0
0.0780437 -0.131387 0.032513 -4.7187e-08 1.66396e-07 6.8297e-08 0.0790406 0.0371734 -0.126335 0 0 0
-0.0370425 -0.119976 0.083042 -1.92473e-07 2.73188e-08 3.61353e-07 0.0553541 -0.0110873 0.082697 0 0 0
-0.787992 -0.349213 -0.853214 -2.79397e-08 -5.96046e-08 1.8999e-07 -0.455411 -0.393956 -0.505513 0 0 0
0.149112 0.00176397 -0.0676733 7.73929e-07 -5.21541e-08 -2.98023e-08 0.48697 -0.0694375 0.396038 0 0 0
-0.0403444 -0.0663987 -0.179789 -1.93715e-07 -1.86265e-09 5.4948e-08 0.138317 -0.112444 0.0965582 0 0 0
-0.0828822 -0.00469028 -0.25509 -4.33996e-07 -4.84288e-08 -6.89179e-08 0.043149 0.204386 -0.0107306 0 0 0
-0.0986019 -0.068654 -0.238098 -2.69851e-07 3.53903e-08 1.27358e-07 0.0126063 -0.0168173 -0.0191533 0 0 0
-0.174755 -0.110334 -0.156452 -1.74623e-09 -9.31323e-08 7.54371e-08 -0.0142437 -0.0355481 0.0344373 0 0 0
-0.242843 -0.10524 -0.121337 5.0175e-08 -7.45058e-09 6.37956e-08 -0.0210743 0.0176322 -0.0174996 0 0 0
-0.242909 -0.111203 -0.0939144 -7.53207e-08 1.86265e-08 -6.42613e-08 -0.00227505 -0.00246519 0.00400708 0 0 0
-0.433183 0.250748 -0.471444 2.90573e-07 1.2666e-08 6.85453e-08 0.131517 0.052959 0.049475 0 0 0
-0.653513 0.270684 -1.30766 -3.8743e-08 -5.66244e-08 -1.2517e-07 -0.256955 0.151123 -1.04419 0 0 0
-0.648255 -0.256087 -0.861808 2.92063e-07 2.38419e-08 -1.04308e-07 -0.217539 -0.329718 -0.482417 0 0 0
-0.490413 -0.286802 -0.555213 -1.37091e-07 -1.49012e-08 5.96046e-08 -0.002397 -0.361389 0.0137748 0 0 0
0.00738238 -0.204541 0.389736 -3.42354e-07 -1.13249e-07 -1.80304e-07 0.684902 -0.32755 1.28041 0 0 0
-0.370451 -0.0949436 -0.465864 3.42727e-08 5.36442e-08 -1.3411e-07 -0.198542 -0.124568 -0.339516 0 0 0
-0.175844 -0.0914613 -0.231603 9.38773e-08 -1.78814e-08 -2.98023e-09 0.0481419 -0.0284567 0.191039 0 0 0
-0.308937 -0.102372 -0.460948 -4.24683e-07 8.19564e-08 1.98185e-07 -0.176918 -0.112442 -0.287324 0 0 0
-0.230332 -0.0668905 -0.284016 -3.48594e-07 -1.10269e-07 -1.40816e-07 -0.0195255 -0.0225612 -0.00793652 0 0 0
-0.98747 -0.68065 -0.68065 -2.87313e-07 -2.6077e-08 -6.51926e-08 -0.37943 -0.616217 -0.616217 -0 0 0
0.25731 0.251149 0.251148 -3.50643e-07 5.21541e-08 2.29105e-07 0.647949 0.358941 0.358941 -0 0 0
-0.415056 -0.0849848 -0.0849838 2.57045e-07 -5.02914e-08 -1.24797e-07 0.145703 -0.0429874 -0.0429874 -0 0 0
-0.124489 0.195323 0.195324 3.27826e-07 -2.6077e-08 -5.25033e-08 -0.183637 0.443299 0.443299 0 -0 0
-0.0366128 0.0597757 0.0597754 -2.32831e-10 -9.68575e-08 -1.09198e-07 0.0870425 0.156203 0.156203 0 0 -0
-0.139362 -0.0265237 -0.0265234 -5.82077e-09 -5.40167e-08 4.2608e-08 -0.196511 0.11532 0.11532 -0 0 0
-0.0574529 0.000660641 -0.171285 -6.20882e-08 3.60111e-08 -5.4948e-08 0.0073641 0.00430958 0.00481017 0 0 0
-0.0322659 -0.0101187 -0.161474 3.47073e-07 3.47694e-08 7.82311e-08 0.00703346 -0.00931575 0.0580722 0 0 0
0.0781892 0.0103178 -0.12279 -1.75089e-07 -5.58794e-08 -1.06792e-07 0.114785 0.0486382 0.0963768 0 0 0
0.0286965 -0.00124192 -0.174628 1.17968e-08 -3.60111e-08 1.6888e-07 0.0475095 0.0229542 0.0372104 0 0 0
-0.023137 -0.00901478 -0.210806 -4.02331e-07 1.24176e-09 -2.45248e-08 -0.00162857 0.000493282 -0.00379544 0 0 0
-0.0279776 -0.014845 -0.2062 1.45286e-07 3.97364e-08 -1.52426e-07 -0.00633226 -0.00861632 0.0218093 0 0 0
0.0251667 0.0298184 -0.13304 2.55803e-07 -6.95387e-08 -6.64343e-08 0.0420707 0.0638922 0.0779639 0 0 0
-0.0642103 -0.0752612 -0.194655 4.96705e-09 9.93411e-09 1.03687e-07 -0.0575237 -0.0566004 -0.0341601 0 0 0
-0.0166493 -0.0640803 -0.13765 -2.90573e-07 3.47694e-08 6.70552e-08 0.00389353 0.00341271 -0.00528691 0 0 0
-0.0338345 -0.0811048 -0.127363 -1.30385e-08 0 1.5522e-07 -0.0377429 -0.00688534 -0.0227032 0 0 0
-0.0272678 -0.0787781 -0.114855 -4.90497e-08 5.71211e-08 -1.6888e-07 -0.0284726 -0.00571789 -0.00676531 0 0 0
-0.0337096 -0.0334995 -0.0839917 -1.81918e-07 0 1.17968e-07 0.00642613 0.040619 -0.0286686 0 0 0
-0.0910158 -0.0797301 -0.0649778 -3.35276e-08 -1.49012e-08 -6.95387e-08 -0.00934278 -0.00312879 0.00879998 0 0 0
-0.102792 -0.0758098 -0.06702 3.22859e-08 -5.21541e-08 -7.94729e-08 -0.012999 0.00097887 0.00571686 0 0 0
-0.112803 -0.0605025 -0.0934683 -8.19564e-08 -7.20223e-08 1.24176e-09 0.0282051 0.00524537 -0.0292972 0 0 0
-0.0863103 -0.0303119 -0.0874169 6.20882e-09 4.222e-08 -1.91232e-07 0.0733219 0.014785 0.0613076 0 0 0
-0.0875764 -0.0388755 -0.109684 9.68575e-08 4.96705e-09 -2.98023e-08 0.0557591 -0.0169781 0.0987921 0 0 0
-0.0012487 0.0626536 -0.0914428 2.34072e-07 1.04308e-07 1.03066e-07 0.0643839 0.0824701 0.164889 0 0 0
-0.0521811 0.00101019 -0.136238 -9.25114e-08 -8.69234e-08 -8.19564e-08 0.00126037 0.0125397 0.0459871 0 0 0
-0.0364009 -0.0377535 -0.164351 -2.6077e-08 6.70552e-08 4.96705e-08 0.0143029 0.0131494 0.00998148 0 0 0
-0.0314696 -0.0491774 -0.168307 2.62012e-07 1.2666e-07 -1.62671e-07 0.00824772 0.00527893 0.0038779 0 0 0
-0.374323 -0.170473 -0.304493 -1.234e-07 1.49012e-08 -7.91624e-09 0.0573332 -0.0315452 -0.0758707 0 0 0
-0.443172 -0.328426 -0.437657 -2.10013e-07 4.00469e-08 4.02797e-08 -0.00235626 -0.259256 -0.267411 0 0 0
-0.480556 -0.466408 -0.571257 1.29454e-07 -9.31323e-08 4.56348e-08 -0.144575 -0.60377 -0.53322 0 0 0
-0.473407 -0.441854 -0.54829 1.22702e-07 -5.7742e-08 -7.49715e-08 -0.0961825 -0.530428 -0.472567 0 0 0
-0.199354 -0.060496 -0.197299 -1.81841e-07 -2.32831e-09 1.23866e-07 0.222968 -0.0437428 -0.00707371 0 0 0
-0.235054 -0.0498815 -0.255601 1.54134e-07 -1.49012e-08 7.1479e-08 -0.0115419 -0.130201 -0.0533319 0 0 0
-0.0909718 -0.0952148 -0.030934 -3.25032e-07 -5.7742e-08 8.84756e-08 0.0237348 -0.0691971 -0.00355336 0 0 0
-0.129874 -0.110747 -0.038601 1.91852e-07 0 6.00703e-08 -0.0443833 -0.0156429 -0.00671738 0 0 0
-0.18987 -0.119208 -0.100607 -2.16532e-08 4.19095e-08 -6.61239e-08 -0.156826 0.0232858 -0.0653465 0 0 0
-0.280692 -0.153506 -0.229733 -3.06172e-07 4.56348e-08 -9.94187e-08 -0.334175 -0.00216741 -0.168838 0 0 0
-0.255842 -0.144329 -0.194021 2.70084e-08 -2.79397e-09 -1.87429e-08 -0.290614 0.00798083 -0.139745 0 0 0
-0.269119 -0.153764 -0.230565 1.44588e-07 -1.21072e-08 -3.07336e-08 -0.323311 -0.0077134 -0.151977 0 0 0
-0.296921 -0.15656 -0.278314 1.5134e-08 7.45058e-09 9.25502e-08 -0.354728 -0.0301433 -0.173584 0 0 0
-0.280282 -0.156318 -0.252042 1.11759e-08 6.70552e-08 4.55184e-08 -0.339966 -0.0209965 -0.160795 0 0 0
-0.233513 -0.143867 -0.211973 -6.54254e-08 1.49012e-08 -5.86733e-08 -0.271118 -0.0190857 -0.0932821 0 0 0
-0.0410589 -0.0722225 -0.0202403 -1.04774e-08 -4.65661e-08 -4.49363e-08 0.0789598 0.0397875 0.227351 0 0 0
-0.0146835 -0.0418828 -0.131246 3.05008e-08 5.58794e-09 5.12227e-08 0.0168142 0.0451519 0.0295977 0 0 0
-0.033791 -0.0614966 -0.179217 -9.47621e-08 -6.33299e-08 -8.47504e-08 -0.0170461 0.0126868 -0.0283264 0 0 0
-0.00707985 -0.0415672 -0.167388 1.78814e-07 2.70084e-08 1.41561e-07 -0.00558134 -0.00356892 0.00720821 0 0 0
0.0281065 -0.0210134 -0.169764 -1.72993e-07 1.30385e-08 -1.16415e-08 0.00866325 0.00547767 0.00753096 0 0 0
0.0256999 -0.0232118 -0.171806 2.56114e-08 3.63216e-08 8.98726e-08 0.00544431 0.00381724 0.00586999 0 0 0
0.023604 -0.02588 -0.17574 -1.30152e-07 8.3819e-09 -1.9744e-07 -0.00121414 0.000853103 0.000178827 0 0 0
0.0241835 -0.0261984 -0.174684 8.28877e-08 4.09782e-08 -6.98492e-08 -0.00061226 0.000385902 0.00152388 0 0 0
-0.466852 -0.433118 -0.525801 -1.88127e-08 -1.49012e-08 -5.1409e-08 -0.0932288 -0.487323 -0.485923 0 0 0
-0.136665 0.0331169 -0.238779 -1.22515e-07 -8.56817e-08 -2.64496e-08 0.173844 0.00775499 -0.0836582 0 0 0
-0.238412 0.000208544 -0.227957 -2.12342e-08 -6.25849e-08 -6.07222e-08 -0.0912811 0.0244999 -0.00902417 0 0 0
-0.18501 -0.0598354 -0.156355 -1.71363e-08 4.24683e-08 1.33412e-07 0.00852608 -0.0116361 0.0606054 0 0 0
-0.287964 -0.187835 -0.249563 7.15256e-08 -7.45058e-09 8.41916e-08 -0.12626 -0.148581 -0.0798333 0 0 0
-0.193077 -0.0984542 -0.176532 -8.12113e-08 5.21541e-09 -7.87899e-08 -0.0429813 -0.0055907 0.0289034 0 0 0
-0.168875 -0.090665 -0.180227 -1.73971e-07 5.96046e-09 9.90927e-08 0.0277791 -0.00116088 0.0380392 0 0 0
-0.164042 -0.128728 -0.176042 2.94298e-08 3.8743e-08 1.7276e-08 -0.00119862 -0.00202986 0.00955575 0 0 0
-0.158988 -0.153146 -0.164432 2.90573e-08 1.06543e-07 -7.68341e-08 -0.016121 -0.0327217 0.0230731 0 0 0
-0.15 -0.218302 -0.153706 4.28408e-08 6.18398e-08 4.85219e-08 -0.0340101 -0.109115 0.0088324 0 0 0
-0.122892 -0.298791 -0.1697 1.30385e-07 3.8743e-08 -9.61125e-08 -0.0473516 -0.226044 -0.100916 0 0 0
-0.11883 1.20806 -0.453368 6.33299e-08 -8.9407e-09 -5.81145e-08 -0.242941 1.35144 -0.569836 0 0 0
-0.123544 -0.289954 -0.161147 9.94653e-08 1.04308e-08 -9.83477e-08 -0.0528301 -0.211214 -0.0939961 0 0 0
-0.117701 -0.278962 -0.17357 -7.45058e-10 -8.79169e-08 7.45058e-08 -0.0638269 -0.204955 -0.135382 0 0 0
-0.109252 -0.26808 -0.171965 -7.45058e-10 2.23517e-08 -2.01166e-08 -0.0498374 -0.18857 -0.130093 0 0 0
-0.100185 -0.255582 -0.171179 -7.41333e-08 2.23517e-08 1.22935e-07 -0.0360465 -0.17054 -0.128016 0 0 0
-0.0457932 -0.174207 -0.163632 -2.3786e-07 2.38419e-08 -8.97795e-08 0.0545347 -0.0511716 -0.108985 0 0 0
0.0263703 -0.0426348 -0.145061 -8.08388e-08 -2.83122e-08 5.1409e-08 0.188533 0.142303 -0.0660239 0 0 0
-0.10343 -0.222428 -0.0692783 1.68197e-07 -4.47035e-09 1.05053e-07 0.00606734 -0.163854 0.0854769 0 0 0
-0.109131 -0.187665 -0.103258 -4.32134e-08 -5.96046e-09 -8.79169e-08 0.00806804 -0.11752 0.0351069 0 0 0
-0.112684 -0.0918801 -0.0767275 -6.65896e-08 -5.81145e-08 -6.81728e-08 0.00754451 0.0188503 0.0587467 0 0 0
-0.127729 -0.0824411 -0.130691 -6.59376e-08 -3.57628e-08 7.6741e-08 -0.0410704 0.000295824 -0.0421773 0 0 0
-0.0929469 -0.0571698 -0.0893882 -2.64496e-08 -3.35276e-08 3.72529e-09 -0.0193651 -0.010534 0.000608489 0 0 0
-0.0662981 -0.0269175 -0.101023 -2.49594e-07 -7.45058e-10 5.02914e-08 0.0093585 -0.00157374 -0.00887768 0 0 0
-0.0667483 -0.0216285 -0.093112 3.68059e-07 3.8743e-08 -5.69969e-08 0.00337656 -0.00109876 0.00588803 0 0 0
-0.0627834 -0.0131724 -0.0907526 1.60933e-07 1.11759e-08 -1.3411e-08 0.0128884 0.000726582 0.011865 0 0 0
